make all --print-data-base --no-builtin-variables --no-builtin-rules --question
make: *** No rule to make target 'all'.  Stop.

# GNU Make 4.3
# Built for x86_64-pc-linux-gnu
# Copyright (C) 1988-2020 Free Software Foundation, Inc.
# License GPLv3+: GNU GPL version 3 or later <http://gnu.org/licenses/gpl.html>
# This is free software: you are free to change and redistribute it.
# There is NO WARRANTY, to the extent permitted by law.

# Make data base, printed on Wed Aug 31 00:07:22 2022

# Variables

# environment
GO111MODULE = on
# environment
GDK_BACKEND = x11
# environment
LC_ALL = C
# environment
NO_AT_BRIDGE = 1
# makefile (from 'Makefile', line 3)
PROJECT_NAME = monitorctl
# environment
VSCODE_CWD = /home/noodles/workspace/monitorctl
# environment
WINDOWID = 109051906
# environment
UBUNTU_MENUPROXY = 1
# default
MAKE_COMMAND := make
# environment
GOPATH = /home/noodles/go
# automatic
@D = $(patsubst %/,%,$(dir $@))
# environment
VSCODE_HANDLES_UNCAUGHT_ERRORS = true
# default
.VARIABLES := 
# environment
PWD = /home/noodles/workspace/monitorctl
# automatic
%D = $(patsubst %/,%,$(dir $%))
# environment
MAIL = /var/spool/mail/noodles
# environment
XDG_DATA_DIRS = /usr/local/share:/usr/share
# environment
OLDPWD = /home/noodles/workspace
# automatic
^D = $(patsubst %/,%,$(dir $^))
# automatic
%F = $(notdir $%)
# environment
ALACRITTY_SOCKET = /run/user/1000/Alacritty-:0.0-10072.sock
# environment
VSCODE_CODE_CACHE_PATH = /home/noodles/.config/Code/CachedData/e4503b30fc78200f846c62cf8091b76ff5547662
# environment
XDG_SESSION_PATH = /org/freedesktop/DisplayManager/Session0
# environment
LANG = C
# environment
XAUTHORITY = /home/noodles/.Xauthority
# default
.LOADED := 
# default
.INCLUDE_DIRS = /usr/include /usr/local/include /usr/include
# makefile
MAKEFLAGS = pqrR
# makefile
CURDIR := /home/noodles/workspace/monitorctl
# environment
APPLICATION_INSIGHTS_NO_DIAGNOSTIC_CHANNEL = 1
# automatic
*D = $(patsubst %/,%,$(dir $*))
# environment
MFLAGS = -pqrR
# environment
SSH_AUTH_SOCK = /tmp/ssh-XXXXXXNoIt1h/agent.691
# default
.SHELLFLAGS := -c
# environment
XDG_CONFIG_DIRS = /etc/xdg
# automatic
+D = $(patsubst %/,%,$(dir $+))
# environment
XDG_SESSION_DESKTOP = xfce
# makefile (from 'Makefile', line 1)
MAKEFILE_LIST := Makefile
# automatic
@F = $(notdir $@)
# environment
VSCODE_PID = 2960
# environment
XDG_SESSION_TYPE = x11
# automatic
?D = $(patsubst %/,%,$(dir $?))
# environment
SESSION_MANAGER = local/mycomputer:@/tmp/.ICE-unix/689,unix/mycomputer:/tmp/.ICE-unix/689
# automatic
*F = $(notdir $*)
# environment
SCCACHE_CACHE_SIZE = 30G
# environment
CHROME_DESKTOP = code-url-handler.desktop
# environment
DBUS_SESSION_BUS_ADDRESS = unix:path=/run/user/1000/bus
# automatic
<D = $(patsubst %/,%,$(dir $<))
# environment
VSCODE_NLS_CONFIG = {"locale":"en-us","availableLanguages":{},"_languagePackSupport":true}
# default
MAKE_HOST := x86_64-pc-linux-gnu
# makefile
SHELL = /bin/sh
# default
MAKECMDGOALS := all
# environment
SHLVL = 2
# environment
MAKELEVEL := 0
# default
MAKE = $(MAKE_COMMAND)
# environment
PATH = /home/noodles/.local/bin:/usr/local/bin:/usr/bin:/bin:/usr/local/sbin:/usr/lib/jvm/default/bin:/usr/bin/site_perl:/usr/bin/vendor_perl:/usr/bin/core_perl:/home/noodles/.cargo/bin:/usr/lib/jvm/default/bin:/home/noodles/go/bin:/home/noodles/.cargo/bin
# default
MAKEFILES := 
# environment
MOTD_SHOWN = pam
# automatic
^F = $(notdir $^)
# automatic
?F = $(notdir $?)
# environment
XDG_SEAT = seat0
# environment
XDG_CURRENT_DESKTOP = XFCE
# environment
ALACRITTY_LOG = /tmp/Alacritty-10072.log
# automatic
+F = $(notdir $+)
# environment
XDG_SEAT_PATH = /org/freedesktop/DisplayManager/Seat0
# environment
DESKTOP_SESSION = xfce
# environment
ORIGINAL_XDG_CURRENT_DESKTOP = XFCE
# 'override' directive
GNUMAKEFLAGS := 
# environment
LOGNAME = noodles
# environment
XDG_VTNR = 7
# makefile
.DEFAULT_GOAL := test
# environment
DISPLAY = :0.0
# environment
GTK_MODULES = canberra-gtk-module:appmenu-gtk-module:canberra-gtk-module
# environment
USER = noodles
# default
MAKE_VERSION := 4.3
# environment
SSH_AGENT_PID = 692
# environment
_ = /usr/bin/make
# environment
XDG_RUNTIME_DIR = /run/user/1000
# environment
COLORTERM = truecolor
# environment
XDG_SESSION_CLASS = user
# environment
VSCODE_AMD_ENTRYPOINT = vs/workbench/api/node/extensionHostProcess
# environment
HOME = /home/noodles
# environment
LC_CTYPES = en_US.UTF-8
# environment
ELECTRON_RUN_AS_NODE = 1
# environment
VSCODE_IPC_HOOK = /run/user/1000/vscode-1cbd5af6-1.70.2-main.sock
# environment
TERM = xterm-256color
# environment
XDG_SESSION_ID = 2
# default
.RECIPEPREFIX := 
# automatic
<F = $(notdir $<)
# default
SUFFIXES := 
# environment
VSCODE_CLI = 1
# environment
ELECTRON_NO_ATTACH_CONSOLE = 1
# environment
XDG_GREETER_DATA_DIR = /var/lib/lightdm-data/noodles
# default
.FEATURES := target-specific order-only second-expansion else-if shortest-stem undefine oneshell nocomment grouped-target extra-prereqs archives jobserver output-sync check-symlink guile load
# environment
LC_MESSAGES = 
# environment
RUSTC_WRAPPER = sccache
# environment
XDG_MENU_PREFIX = xfce-
# environment
GDMSESSION = xfce
# variable set hash-table stats:
# Load=98/1024=10%, Rehash=0, Collisions=3/128=2%

# Pattern-specific Variable Values

# No pattern-specific variable values.

# Directories

# . (device 66308, inode 17848153): 11 files, no impossibilities.

# 11 files, no impossibilities in 1 directories.

# Implicit Rules

# No implicit rules.

# Files

docs:
#  Implicit rule search has not been done.
#  Modification time never checked.
#  File has not been updated.
#  recipe to execute (from 'Makefile', line 9):
	cargo --no-deps -rp ${PROJECT_NAME}

# Not a target:
Makefile:
#  Implicit rule search has been done.
#  Last modified 2022-08-13 14:14:50.070713476
#  File has been updated.
#  Successfully updated.

tidy:
#  Implicit rule search has not been done.
#  Modification time never checked.
#  File has not been updated.
#  recipe to execute (from 'Makefile', line 12):
	cargo fmt -p ${PROJECT_NAME}

# Not a target:
.DEFAULT:
#  Implicit rule search has not been done.
#  Modification time never checked.
#  File has not been updated.

# Not a target:
all:
#  Command line target.
#  Implicit rule search has been done.
#  File does not exist.
#  File has not been updated.

watch:
#  Phony target (prerequisite of .PHONY).
#  Implicit rule search has not been done.
#  File does not exist.
#  File has not been updated.
#  recipe to execute (from 'Makefile', line 15):
	cargo watch -qw src/ -x test -x "doc --no-deps -q -p ${PROJECT_NAME}" -x "fmt -qp ${PROJECT_NAME}" -x "clippy"

build:
#  Implicit rule search has not been done.
#  Modification time never checked.
#  File has not been updated.
#  recipe to execute (from 'Makefile', line 18):
	cargo build --profile release --package ${PROJECT_NAME}

test:
#  Implicit rule search has not been done.
#  Modification time never checked.
#  File has not been updated.
 
#  recipe to execute (from 'Makefile', line 6):
	cargo test --release

install:
#  Implicit rule search has not been done.
#  Modification time never checked.
#  File has not been updated.
#  recipe to execute (from 'Makefile', line 21):
	cargo install --profile release --bin ${PROJECT_NAME} --path .

.PHONY: watch
#  Implicit rule search has not been done.
#  Modification time never checked.
#  File has not been updated.

# files hash-table stats:
# Load=11/1024=1%, Rehash=0, Collisions=0/23=0%
# VPATH Search Paths

# No 'vpath' search paths.

# No general ('VPATH' variable) search path.

# strcache buffers: 1 (0) / strings = 23 / storage = 178 B / avg = 7 B
# current buf: size = 8162 B / used = 178 B / count = 23 / avg = 7 B

# strcache performance: lookups = 35 / hit rate = 34%
# hash-table stats:
# Load=23/8192=0%, Rehash=0, Collisions=0/35=0%
# Finished Make data base on Wed Aug 31 00:07:22 2022

 
